{
  "RSpec": {
    "coverage": {
      "/Users/rszalanski/Downloads/SP_Test_-_Ruby__1_-2/ruby_app/spec/integration/analyser_spec.rb": {
        "lines": [
          1,
          null,
          1,
          null,
          1,
          1,
          2,
          null,
          1,
          1,
          1,
          1,
          1,
          null,
          null,
          null,
          1,
          4,
          null,
          1,
          2,
          null,
          1,
          1,
          1,
          1,
          1,
          null,
          null,
          null,
          1,
          2,
          null,
          1,
          1,
          1,
          1,
          1,
          null,
          null,
          null,
          1,
          2,
          null,
          1,
          1,
          1,
          1,
          null,
          null,
          null,
          null,
          null,
          null,
          null,
          null,
          null,
          null,
          null,
          null,
          null,
          null,
          null,
          null,
          null,
          1,
          null,
          null,
          null,
          null
        ]
      },
      "/Users/rszalanski/Downloads/SP_Test_-_Ruby__1_-2/ruby_app/spec/lib/file_source_spec.rb": {
        "lines": [
          1,
          1,
          null,
          1,
          1,
          2,
          2,
          2,
          null,
          1,
          2,
          null,
          null,
          null,
          null,
          null,
          null,
          null,
          null
        ]
      },
      "/Users/rszalanski/Downloads/SP_Test_-_Ruby__1_-2/ruby_app/lib/file_source.rb": {
        "lines": [
          1,
          1,
          2,
          null,
          null,
          1,
          null,
          1,
          2,
          8,
          null,
          null,
          null
        ]
      },
      "/Users/rszalanski/Downloads/SP_Test_-_Ruby__1_-2/ruby_app/spec/lib/loader_spec.rb": {
        "lines": [
          1,
          1,
          1,
          null,
          1,
          1,
          2,
          2,
          2,
          2,
          null,
          1,
          2,
          null,
          null,
          null,
          null,
          null,
          null,
          null,
          null
        ]
      },
      "/Users/rszalanski/Downloads/SP_Test_-_Ruby__1_-2/ruby_app/lib/loader.rb": {
        "lines": [
          1,
          1,
          1,
          null,
          null,
          1,
          null,
          1,
          1,
          4,
          4,
          4,
          null,
          null,
          null
        ]
      },
      "/Users/rszalanski/Downloads/SP_Test_-_Ruby__1_-2/ruby_app/spec/lib/repository_spec.rb": {
        "lines": [
          1,
          1,
          null,
          1,
          4,
          null,
          1,
          1,
          1,
          1,
          1,
          null,
          null,
          1,
          1,
          null,
          null,
          null,
          null,
          null,
          1,
          1,
          1,
          1,
          1,
          1,
          1,
          null,
          null,
          1,
          1,
          null,
          null,
          null,
          null,
          null,
          null,
          1,
          1,
          1,
          1,
          1,
          1,
          1,
          null,
          null,
          1,
          1,
          null,
          null,
          null,
          null,
          null,
          null
        ]
      },
      "/Users/rszalanski/Downloads/SP_Test_-_Ruby__1_-2/ruby_app/lib/repository.rb": {
        "lines": [
          1,
          null,
          1,
          1,
          3,
          3,
          null,
          null,
          1,
          null,
          1,
          13,
          13,
          13,
          null,
          null,
          1,
          2,
          null,
          null,
          1,
          2,
          null,
          null,
          1,
          null,
          1,
          13,
          8,
          8,
          null,
          null,
          null
        ]
      }
    },
    "timestamp": 1592217201
  }
}
